<?xml version="1.0" encoding="UTF-8"?>
<!-- Generated by org.testng.reporters.JUnitReportReporter -->
<testsuite hostname="DESKTOP-HSJ0ASO" failures="0" tests="7" name="runners.TestRunner" time="317.425" errors="0" timestamp="2025-03-25T18:26:42 IST" skipped="0">
  <testcase classname="runners.TestRunner" name="runScenario" time="38.320"/>
  <testcase classname="runners.TestRunner" name="runScenario" time="40.033"/>
  <testcase classname="runners.TestRunner" name="runScenario" time="56.697"/>
  <testcase classname="runners.TestRunner" name="runScenario" time="42.564"/>
  <testcase classname="runners.TestRunner" name="runScenario" time="52.072"/>
  <testcase classname="runners.TestRunner" name="runScenario" time="47.879"/>
  <testcase classname="runners.TestRunner" name="runScenario" time="39.860"/>
</testsuite> <!-- runners.TestRunner -->
