<?xml version="1.0" encoding="UTF-8"?>
<!-- Generated by org.testng.reporters.JUnitReportReporter -->
<testsuite hostname="DESKTOP-HSJ0ASO" failures="0" tests="7" name="runners.TestRunner" time="336.258" errors="0" timestamp="2025-03-25T20:10:36 IST" skipped="0">
  <testcase classname="runners.TestRunner" name="runScenario" time="41.690"/>
  <testcase classname="runners.TestRunner" name="runScenario" time="44.790"/>
  <testcase classname="runners.TestRunner" name="runScenario" time="59.680"/>
  <testcase classname="runners.TestRunner" name="runScenario" time="50.692"/>
  <testcase classname="runners.TestRunner" name="runScenario" time="42.892"/>
  <testcase classname="runners.TestRunner" name="runScenario" time="57.062"/>
  <testcase classname="runners.TestRunner" name="runScenario" time="39.452"/>
</testsuite> <!-- runners.TestRunner -->
